*** Using Compiler 'V5.06 update 7 (build 960)', folder: 'C:\Keil_v5\ARM\ARMCC\Bin'
Build target 'HW3_FreeRTOS'
creating preprocessor file for crt0.c...
creating preprocessor file for freertos.c...
creating preprocessor file for stm32f1xx_hal_msp.c...
creating preprocessor file for stm32f1xx_hal_timebase_TIM.c...
creating preprocessor file for main.c...
creating preprocessor file for stm32f1xx_it.c...
creating preprocessor file for stm32f1xx_hal_gpio_ex.c...
creating preprocessor file for stm32f1xx_hal_tim.c...
creating preprocessor file for stm32f1xx_hal_rcc_ex.c...
creating preprocessor file for stm32f1xx_hal_tim_ex.c...
creating preprocessor file for stm32f1xx_hal.c...
creating preprocessor file for stm32f1xx_hal_rcc.c...
creating preprocessor file for stm32f1xx_hal_gpio.c...
creating preprocessor file for stm32f1xx_hal_dma.c...
creating preprocessor file for stm32f1xx_hal_cortex.c...
creating preprocessor file for stm32f1xx_hal_flash.c...
creating preprocessor file for stm32f1xx_hal_pwr.c...
creating preprocessor file for stm32f1xx_hal_flash_ex.c...
creating preprocessor file for stm32f1xx_hal_spi.c...
creating preprocessor file for stm32f1xx_hal_uart.c...
creating preprocessor file for croutine.c...
creating preprocessor file for stm32f1xx_hal_crc.c...
creating preprocessor file for stm32f1xx_hal_spi_ex.c...
creating preprocessor file for system_stm32f1xx.c...
creating preprocessor file for event_groups.c...
creating preprocessor file for timers.c...
creating preprocessor file for list.c...
creating preprocessor file for queue.c...
creating preprocessor file for heap_4.c...
creating preprocessor file for tasks.c...
creating preprocessor file for port.c...
creating preprocessor file for cmsis_os.c...
compiling main.c...
..\Src\main.c(918): warning:  #177-D: variable "index1"  was declared but never referenced
  	int index1;
..\Src\main.c(919): warning:  #177-D: variable "pressed"  was declared but never referenced
  	bool pressed = false;
..\Src\main.c: 2 warnings, 0 errors
linking...
Program Size: Code=16472 RO-data=440 RW-data=164 ZI-data=4772  
FromELF: creating hex file...
"HW3_FreeRTOS\HW3_FreeRTOS.axf" - 0 Error(s), 2 Warning(s).
Build Time Elapsed:  00:00:03
